<?xml version="1.0" encoding="UTF-8"?>
<testsuite xmlns:xsi="http://www.w3.org/2001/XMLSchema-instance" xsi:noNamespaceSchemaLocation="https://maven.apache.org/surefire/maven-surefire-plugin/xsd/surefire-test-report.xsd" version="3.0.2" name="TestSuite" time="767.409" tests="25" errors="0" skipped="0" failures="0">
  <properties>
    <property name="java.specification.version" value="17"/>
    <property name="sun.cpu.isalist" value="amd64"/>
    <property name="sun.jnu.encoding" value="Cp1252"/>
    <property name="java.class.path" value="C:\Users\DELL\eclipse-workspace\Ram\AutomationUsingPlaywright\target\test-classes;C:\Users\DELL\eclipse-workspace\Ram\AutomationUsingPlaywright\target\classes;C:\Users\DELL\.m2\repository\dom4j\dom4j\1.6.1\dom4j-1.6.1.jar;C:\Users\DELL\.m2\repository\xml-apis\xml-apis\1.0.b2\xml-apis-1.0.b2.jar;C:\Users\DELL\.m2\repository\com\aventstack\extentreports\5.0.9\extentreports-5.0.9.jar;C:\Users\DELL\.m2\repository\io\reactivex\rxjava3\rxjava\3.0.4\rxjava-3.0.4.jar;C:\Users\DELL\.m2\repository\org\reactivestreams\reactive-streams\1.0.3\reactive-streams-1.0.3.jar;C:\Users\DELL\.m2\repository\org\freemarker\freemarker\2.3.30\freemarker-2.3.30.jar;C:\Users\DELL\.m2\repository\com\google\code\gson\gson\2.8.6\gson-2.8.6.jar;C:\Users\DELL\.m2\repository\org\testng\testng\7.8.0\testng-7.8.0.jar;C:\Users\DELL\.m2\repository\org\slf4j\slf4j-api\1.7.36\slf4j-api-1.7.36.jar;C:\Users\DELL\.m2\repository\com\beust\jcommander\1.82\jcommander-1.82.jar;C:\Users\DELL\.m2\repository\org\webjars\jquery\3.6.1\jquery-3.6.1.jar;C:\Users\DELL\.m2\repository\com\sun\mail\javax.mail\1.6.2\javax.mail-1.6.2.jar;C:\Users\DELL\.m2\repository\javax\activation\activation\1.1\activation-1.1.jar;C:\Users\DELL\.m2\repository\com\microsoft\playwright\playwright\1.49.0\playwright-1.49.0.jar;C:\Users\DELL\.m2\repository\org\opentest4j\opentest4j\1.3.0\opentest4j-1.3.0.jar;C:\Users\DELL\.m2\repository\com\microsoft\playwright\driver\1.49.0\driver-1.49.0.jar;C:\Users\DELL\.m2\repository\com\microsoft\playwright\driver-bundle\1.49.0\driver-bundle-1.49.0.jar;C:\Users\DELL\.m2\repository\org\apache\maven\surefire\surefire-booter\3.0.0-M4\surefire-booter-3.0.0-M4.jar;C:\Users\DELL\.m2\repository\org\apache\maven\surefire\surefire-api\3.0.0-M4\surefire-api-3.0.0-M4.jar;C:\Users\DELL\.m2\repository\org\apache\maven\surefire\surefire-logger-api\3.0.0-M4\surefire-logger-api-3.0.0-M4.jar;C:\Users\DELL\.m2\repository\org\projectlombok\lombok\1.18.36\lombok-1.18.36.jar;"/>
    <property name="java.vm.vendor" value="Oracle Corporation"/>
    <property name="sun.arch.data.model" value="64"/>
    <property name="user.variant" value=""/>
    <property name="java.vendor.url" value="https://java.oracle.com/"/>
    <property name="user.timezone" value="Asia/Calcutta"/>
    <property name="os.name" value="Windows 11"/>
    <property name="java.vm.specification.version" value="17"/>
    <property name="sun.java.launcher" value="SUN_STANDARD"/>
    <property name="user.country" value="IN"/>
    <property name="sun.boot.library.path" value="C:\Program Files\Java\jdk-17\bin"/>
    <property name="sun.java.command" value="C:\Users\DELL\AppData\Local\Temp\surefire6846246597075329501\surefirebooter-20250120131111166_3.jar C:\Users\DELL\AppData\Local\Temp\surefire6846246597075329501 2025-01-20T13-11-10_880-jvmRun1 surefire-20250120131111166_1tmp surefire_0-20250120131111166_2tmp"/>
    <property name="jdk.debug" value="release"/>
    <property name="surefire.test.class.path" value="C:\Users\DELL\eclipse-workspace\Ram\AutomationUsingPlaywright\target\test-classes;C:\Users\DELL\eclipse-workspace\Ram\AutomationUsingPlaywright\target\classes;C:\Users\DELL\.m2\repository\dom4j\dom4j\1.6.1\dom4j-1.6.1.jar;C:\Users\DELL\.m2\repository\xml-apis\xml-apis\1.0.b2\xml-apis-1.0.b2.jar;C:\Users\DELL\.m2\repository\com\aventstack\extentreports\5.0.9\extentreports-5.0.9.jar;C:\Users\DELL\.m2\repository\io\reactivex\rxjava3\rxjava\3.0.4\rxjava-3.0.4.jar;C:\Users\DELL\.m2\repository\org\reactivestreams\reactive-streams\1.0.3\reactive-streams-1.0.3.jar;C:\Users\DELL\.m2\repository\org\freemarker\freemarker\2.3.30\freemarker-2.3.30.jar;C:\Users\DELL\.m2\repository\com\google\code\gson\gson\2.8.6\gson-2.8.6.jar;C:\Users\DELL\.m2\repository\org\testng\testng\7.8.0\testng-7.8.0.jar;C:\Users\DELL\.m2\repository\org\slf4j\slf4j-api\1.7.36\slf4j-api-1.7.36.jar;C:\Users\DELL\.m2\repository\com\beust\jcommander\1.82\jcommander-1.82.jar;C:\Users\DELL\.m2\repository\org\webjars\jquery\3.6.1\jquery-3.6.1.jar;C:\Users\DELL\.m2\repository\com\sun\mail\javax.mail\1.6.2\javax.mail-1.6.2.jar;C:\Users\DELL\.m2\repository\javax\activation\activation\1.1\activation-1.1.jar;C:\Users\DELL\.m2\repository\com\microsoft\playwright\playwright\1.49.0\playwright-1.49.0.jar;C:\Users\DELL\.m2\repository\org\opentest4j\opentest4j\1.3.0\opentest4j-1.3.0.jar;C:\Users\DELL\.m2\repository\com\microsoft\playwright\driver\1.49.0\driver-1.49.0.jar;C:\Users\DELL\.m2\repository\com\microsoft\playwright\driver-bundle\1.49.0\driver-bundle-1.49.0.jar;C:\Users\DELL\.m2\repository\org\apache\maven\surefire\surefire-booter\3.0.0-M4\surefire-booter-3.0.0-M4.jar;C:\Users\DELL\.m2\repository\org\apache\maven\surefire\surefire-api\3.0.0-M4\surefire-api-3.0.0-M4.jar;C:\Users\DELL\.m2\repository\org\apache\maven\surefire\surefire-logger-api\3.0.0-M4\surefire-logger-api-3.0.0-M4.jar;C:\Users\DELL\.m2\repository\org\projectlombok\lombok\1.18.36\lombok-1.18.36.jar;"/>
    <property name="sun.cpu.endian" value="little"/>
    <property name="user.home" value="C:\Users\DELL"/>
    <property name="user.language" value="en"/>
    <property name="java.specification.vendor" value="Oracle Corporation"/>
    <property name="java.version.date" value="2024-07-16"/>
    <property name="java.home" value="C:\Program Files\Java\jdk-17"/>
    <property name="file.separator" value="\"/>
    <property name="style.color" value="always"/>
    <property name="basedir" value="C:\Users\DELL\eclipse-workspace\Ram\AutomationUsingPlaywright"/>
    <property name="java.vm.compressedOopsMode" value="32-bit"/>
    <property name="line.separator" value="&#10;"/>
    <property name="java.vm.specification.vendor" value="Oracle Corporation"/>
    <property name="java.specification.name" value="Java Platform API Specification"/>
    <property name="surefire.real.class.path" value="C:\Users\DELL\AppData\Local\Temp\surefire6846246597075329501\surefirebooter-20250120131111166_3.jar"/>
    <property name="user.script" value=""/>
    <property name="sun.management.compiler" value="HotSpot 64-Bit Tiered Compilers"/>
    <property name="java.runtime.version" value="17.0.12+8-LTS-286"/>
    <property name="user.name" value="DELL"/>
    <property name="path.separator" value=";"/>
    <property name="os.version" value="10.0"/>
    <property name="java.runtime.name" value="Java(TM) SE Runtime Environment"/>
    <property name="file.encoding" value="Cp1252"/>
    <property name="java.vm.name" value="Java HotSpot(TM) 64-Bit Server VM"/>
    <property name="localRepository" value="C:\Users\DELL\.m2\repository"/>
    <property name="java.vendor.url.bug" value="https://bugreport.java.com/bugreport/"/>
    <property name="java.io.tmpdir" value="C:\Users\DELL\AppData\Local\Temp\"/>
    <property name="java.version" value="17.0.12"/>
    <property name="user.dir" value="C:\Users\DELL\eclipse-workspace\Ram\AutomationUsingPlaywright"/>
    <property name="os.arch" value="amd64"/>
    <property name="java.vm.specification.name" value="Java Virtual Machine Specification"/>
    <property name="sun.os.patch.level" value=""/>
    <property name="native.encoding" value="Cp1252"/>
    <property name="java.library.path" value="C:\Program Files\Java\jdk-17\bin;C:\WINDOWS\Sun\Java\bin;C:\WINDOWS\system32;C:\WINDOWS;C:/Users/DELL/.p2/pool/plugins/org.eclipse.justj.openjdk.hotspot.jre.full.win32.x86_64_23.0.1.v20241024-1700/jre/bin/server;C:/Users/DELL/.p2/pool/plugins/org.eclipse.justj.openjdk.hotspot.jre.full.win32.x86_64_23.0.1.v20241024-1700/jre/bin;C:\Program Files\Common Files\Oracle\Java\javapath;C:\php-8.1.28;C:\WINDOWS\system32;C:\WINDOWS;C:\WINDOWS\System32\Wbem;C:\WINDOWS\System32\WindowsPowerShell\v1.0\;C:\WINDOWS\System32\OpenSSH\;C:\Program Files\dotnet\;C:\Program Files\Git\cmd;C:\apache-maven-3.9.9\bin;C:\Program Files\Java\jdk-17\bin;C:\Users\DELL\AppData\Local\Microsoft\WindowsApps;C:\Program Files\Java\jdk1.8.0_361\bin;C:\Users\DELL\OneDrive\Desktop;;."/>
    <property name="java.vm.info" value="mixed mode, sharing"/>
    <property name="java.vendor" value="Oracle Corporation"/>
    <property name="java.vm.version" value="17.0.12+8-LTS-286"/>
    <property name="sun.io.unicode.encoding" value="UnicodeLittle"/>
    <property name="java.class.version" value="61.0"/>
  </properties>
  <testcase name="Sign_Up_with_Valid_Credentials" classname="com.SignUP" time="11.992">
    <system-out><![CDATA[OS is:-windows 11
Sign_Up_with_Valid_Credentials test case got Passed
After performing  Sign up, I have deleted the new account and fetching the title of the page:-Classroom Jeopardy Review Game | Buzzer Mode | Factile
]]></system-out>
    <system-err><![CDATA[SLF4J: Failed to load class "org.slf4j.impl.StaticLoggerBinder".
SLF4J: Defaulting to no-operation (NOP) logger implementation
SLF4J: See http://www.slf4j.org/codes.html#StaticLoggerBinder for further details.
]]></system-err>
  </testcase>
  <testcase name="Sign_Up_with_an_already_Registered_Email" classname="com.SignUP" time="3.394">
    <system-out><![CDATA[Sign_Up_with_an_already_Registered_Email test case got Passed
]]></system-out>
  </testcase>
  <testcase name="SignUp_with_an_Invalid_EmailID" classname="com.SignUP" time="1.365">
    <system-out><![CDATA[SignUp_with_an_Invalid_EmailID test case got Passed
]]></system-out>
  </testcase>
  <testcase name="SignUp_with_Password_ConfirmPassword_Missmatch" classname="com.SignUP" time="1.347">
    <system-out><![CDATA[SignUp_with_Password_ConfirmPassword_Missmatchtest test case got Passed
]]></system-out>
  </testcase>
  <testcase name="SignUp_with_a_Password_Less_Than_6_Characters" classname="com.SignUP" time="1.49">
    <system-out><![CDATA[SignUp_with_a_Password_Less_Than_6_Characters test case got Passed
]]></system-out>
  </testcase>
  <testcase name="SignUp_with_an_Email_Containing_Invalid_Characters_Space" classname="com.SignUP" time="1.339">
    <system-out><![CDATA[SignUp_with_an_Email_Containing_Invalid_Characters_Space test case got Passed
]]></system-out>
  </testcase>
  <testcase name="SignUp_with_an_Password_Containing_Invalid_Characters_Space" classname="com.SignUP" time="1.292">
    <system-out><![CDATA[SignUp_with_an_Password_Containing_Invalid_Characters_Space test case got Passed
]]></system-out>
  </testcase>
  <testcase name="Login_with_valid_usernameAndpassword" classname="com.Login" time="2.247">
    <system-out><![CDATA[Login_with_valid_usernameAndpassword test case got Passed
]]></system-out>
  </testcase>
  <testcase name="Login_with_valid_emailAndpassword" classname="com.Login" time="4.093">
    <system-out><![CDATA[Login_with_valid_emailAndpassword test case got Passed
]]></system-out>
  </testcase>
  <testcase name="Login_with_Invalid_username" classname="com.Login" time="5.305">
    <system-out><![CDATA[Login_with_Invalid_username>> test case got Passed
]]></system-out>
  </testcase>
  <testcase name="Login_with_Invalid_Gmail" classname="com.Login" time="5.415">
    <system-out><![CDATA[Login_with_Invalid_Gmail>> test case got Passed
]]></system-out>
  </testcase>
  <testcase name="Login_with_Invalid_Password" classname="com.Login" time="5.317">
    <system-out><![CDATA[Login_with_Invalid_Password>> test case got Passed
]]></system-out>
  </testcase>
  <testcase name="test_SignUP_FreeAccount" classname="com.FreeAccountFeatures" time="7.29">
    <system-out><![CDATA[e4b82ccd1@example.com
]]></system-out>
  </testcase>
  <testcase name="test_Create_Game_In_NewAccount_Who_having_FreeAccount" classname="com.FreeAccountFeatures" time="78.451">
    <system-out><![CDATA[A new user with a free account has successfully created a game. 
]]></system-out>
  </testcase>
  <testcase name="test_Preview_OF_CreatedGame" classname="com.FreeAccountFeatures" time="12.191">
    <system-out><![CDATA[A new user with a free account has successfully previewed the game they created.
]]></system-out>
  </testcase>
  <testcase name="test_Move_A_CreatedGame_From_AllGames_To_CreatedFolder" classname="com.FreeAccountFeatures" time="8.708">
    <system-out><![CDATA[A new user with a free account has created a folder and moved the game from AllGames to CreatedFolder.
]]></system-out>
  </testcase>
  <testcase name="test_Delete_Folder" classname="com.FreeAccountFeatures" time="4.587">
    <system-out><![CDATA[A new user with a free account has successfully deleted a folder they previously created.
]]></system-out>
  </testcase>
  <testcase name="test_Delete_Created_Game" classname="com.FreeAccountFeatures" time="6.751">
    <system-out><![CDATA[A new user with a free account has successfully deleted a created Game they previously created.
]]></system-out>
  </testcase>
  <testcase name="test_Delete_Account" classname="com.FreeAccountFeatures" time="4.31">
    <system-out><![CDATA[Delete account is working fine for new users
]]></system-out>
  </testcase>
  <testcase name="test_Public_Game_Played_By_Non_Logged_User" classname="com.GamePlayByFreeUsers" time="113.689">
    <system-out><![CDATA[A non-logged-in user has successfully played a public game.
]]></system-out>
  </testcase>
  <testcase name="test_Public_Game_Played_By_Logged_User_Who_having_Free_account" classname="com.GamePlayByFreeUsers" time="122.661">
    <system-out><![CDATA[A new user with a free account has successfully played a public game.
]]></system-out>
  </testcase>
  <testcase name="test_Free_User_Create_Game_Using_AI" classname="com.GamePlayByFreeUsers" time="86.672">
    <system-out><![CDATA[40b6c65c1@example.com

A new user with a free account has successfully created a game using AI.
]]></system-out>
  </testcase>
  <testcase name="test_Free_User_Play_AIGenerated_Game" classname="com.GamePlayByFreeUsers" time="86.409">
    <system-out><![CDATA[A new user with a free account has played an AI-generated game that they created.
]]></system-out>
  </testcase>
  <testcase name="test_Free_User_Creates_Game_Manually" classname="com.GamePlayByFreeUsers" time="52.071">
    <system-out><![CDATA[bfd5c9ca1@example.com

A new user with a free account has successfully created a game manually.
]]></system-out>
  </testcase>
  <testcase name="test_Free_User_Play_Manually_Created_Game" classname="com.GamePlayByFreeUsers" time="122.065">
    <system-out><![CDATA[A new user with a free account has played a manually created game.
]]></system-out>
  </testcase>
</testsuite>