<?xml version="1.0" encoding="UTF-8"?>
<!-- Generated by org.testng.reporters.JUnitReportReporter -->
<testsuite hostname="DESKTOP-NLMSAMV" failures="0" tests="1" name="com.TestPreview" time="15.153" errors="0" timestamp="2025-01-20T14:51:11 IST" skipped="0">
  <testcase classname="com.TestPreview" name="test_preview_Public_Game" time="15.153"/>
  <system-out/>
</testsuite> <!-- com.TestPreview -->
