<?xml version="1.0" encoding="UTF-8"?>
<!-- Generated by org.testng.reporters.JUnitReportReporter -->
<testsuite hostname="DESKTOP-NLMSAMV" failures="0" tests="5" name="com.Login" time="23.926" errors="0" timestamp="2025-01-08T12:30:43 IST" skipped="0">
  <testcase classname="com.Login" name="Login_with_valid_usernameAndpassword" time="2.278"/>
  <system-out/>
  <testcase classname="com.Login" name="Login_with_valid_emailAndpassword" time="4.370"/>
  <system-out/>
  <testcase classname="com.Login" name="Login_with_Invalid_username" time="5.526"/>
  <system-out/>
  <testcase classname="com.Login" name="Login_with_Invalid_Gmail" time="5.485"/>
  <system-out/>
  <testcase classname="com.Login" name="Login_with_Invalid_Password" time="6.267"/>
  <system-out/>
</testsuite> <!-- com.Login -->
