<?xml version="1.0" encoding="UTF-8"?>
<!-- Generated by org.testng.reporters.JUnitReportReporter -->
<testsuite hostname="DESKTOP-NLMSAMV" failures="0" tests="7" name="com.SignUP" time="21.732" errors="0" timestamp="2025-01-27T12:23:33 IST" skipped="0">
  <testcase classname="com.SignUP" name="Sign_Up_with_Valid_Credentials" time="10.436"/>
  <system-out/>
  <testcase classname="com.SignUP" name="Sign_Up_with_an_already_Registered_Email" time="3.986"/>
  <system-out/>
  <testcase classname="com.SignUP" name="SignUp_with_an_Invalid_EmailID" time="1.524"/>
  <system-out/>
  <testcase classname="com.SignUP" name="SignUp_with_Password_ConfirmPassword_Missmatch" time="1.589"/>
  <system-out/>
  <testcase classname="com.SignUP" name="SignUp_with_a_Password_Less_Than_6_Characters" time="1.382"/>
  <system-out/>
  <testcase classname="com.SignUP" name="SignUp_with_an_Email_Containing_Invalid_Characters_Space" time="1.330"/>
  <system-out/>
  <testcase classname="com.SignUP" name="SignUp_with_an_Password_Containing_Invalid_Characters_Space" time="1.485"/>
  <system-out/>
</testsuite> <!-- com.SignUP -->
