<?xml version="1.0" encoding="UTF-8"?>
<!-- Generated by org.testng.reporters.JUnitReportReporter -->
<testsuite hostname="DESKTOP-NLMSAMV" failures="0" tests="7" name="com.SignUP" time="18.685" errors="0" timestamp="2025-01-15T09:45:59 IST" skipped="0">
  <testcase classname="com.SignUP" name="Sign_Up_with_Valid_Credentials" time="9.637"/>
  <system-out/>
  <testcase classname="com.SignUP" name="Sign_Up_with_an_already_Registered_Email" time="3.218"/>
  <system-out/>
  <testcase classname="com.SignUP" name="SignUp_with_an_Invalid_EmailID" time="1.158"/>
  <system-out/>
  <testcase classname="com.SignUP" name="SignUp_with_Password_ConfirmPassword_Missmatch" time="1.162"/>
  <system-out/>
  <testcase classname="com.SignUP" name="SignUp_with_a_Password_Less_Than_6_Characters" time="1.164"/>
  <system-out/>
  <testcase classname="com.SignUP" name="SignUp_with_an_Email_Containing_Invalid_Characters_Space" time="1.163"/>
  <system-out/>
  <testcase classname="com.SignUP" name="SignUp_with_an_Password_Containing_Invalid_Characters_Space" time="1.183"/>
  <system-out/>
</testsuite> <!-- com.SignUP -->
