<?xml version="1.0" encoding="UTF-8"?>
<!-- Generated by org.testng.reporters.JUnitReportReporter -->
<testsuite hostname="DESKTOP-NLMSAMV" failures="0" tests="8" name="com.FreeAccountFeatures" time="143.953" errors="0" timestamp="2025-01-27T12:23:33 IST" skipped="0">
  <testcase classname="com.FreeAccountFeatures" name="test_SignUP_FreeAccount" time="7.415"/>
  <system-out/>
  <testcase classname="com.FreeAccountFeatures" name="test_Create_Game_In_NewAccount_Who_having_FreeAccount" time="81.707"/>
  <system-out/>
  <testcase classname="com.FreeAccountFeatures" name="test_Preview_OF_CreatedGame" time="14.043"/>
  <system-out/>
  <testcase classname="com.FreeAccountFeatures" name="test_Preview_A_Public_Game" time="15.736"/>
  <system-out/>
  <testcase classname="com.FreeAccountFeatures" name="test_Move_A_CreatedGame_From_AllGames_To_CreatedFolder" time="8.956"/>
  <system-out/>
  <testcase classname="com.FreeAccountFeatures" name="test_Delete_Folder" time="4.484"/>
  <system-out/>
  <testcase classname="com.FreeAccountFeatures" name="test_Delete_Created_Game" time="7.202"/>
  <system-out/>
  <testcase classname="com.FreeAccountFeatures" name="test_Delete_Account" time="4.410"/>
  <system-out/>
</testsuite> <!-- com.FreeAccountFeatures -->
