<?xml version="1.0" encoding="UTF-8"?>
<!-- Generated by org.testng.reporters.JUnitReportReporter -->
<testsuite hostname="DESKTOP-NLMSAMV" failures="0" tests="5" name="com.Login" time="23.544" errors="0" timestamp="2025-01-10T16:54:05 IST" skipped="0">
  <testcase classname="com.Login" name="Login_with_valid_usernameAndpassword" time="2.856"/>
  <system-out/>
  <testcase classname="com.Login" name="Login_with_valid_emailAndpassword" time="4.609"/>
  <system-out/>
  <testcase classname="com.Login" name="Login_with_Invalid_username" time="5.322"/>
  <system-out/>
  <testcase classname="com.Login" name="Login_with_Invalid_Gmail" time="5.420"/>
  <system-out/>
  <testcase classname="com.Login" name="Login_with_Invalid_Password" time="5.337"/>
  <system-out/>
</testsuite> <!-- com.Login -->
