<?xml version="1.0" encoding="UTF-8"?>
<!-- Generated by org.testng.reporters.JUnitReportReporter -->
<testsuite hostname="DESKTOP-NLMSAMV" failures="0" tests="5" name="com.Login" time="22.799" errors="0" timestamp="2025-01-16T16:01:19 IST" skipped="0">
  <testcase classname="com.Login" name="Login_with_valid_usernameAndpassword" time="2.143"/>
  <system-out/>
  <testcase classname="com.Login" name="Login_with_valid_emailAndpassword" time="3.948"/>
  <system-out/>
  <testcase classname="com.Login" name="Login_with_Invalid_username" time="6.363"/>
  <system-out/>
  <testcase classname="com.Login" name="Login_with_Invalid_Gmail" time="5.169"/>
  <system-out/>
  <testcase classname="com.Login" name="Login_with_Invalid_Password" time="5.176"/>
  <system-out/>
</testsuite> <!-- com.Login -->
