<?xml version="1.0" encoding="UTF-8"?>
<!-- Generated by org.testng.reporters.JUnitReportReporter -->
<testsuite hostname="DESKTOP-NLMSAMV" failures="0" tests="5" name="com.Login" time="26.669" errors="0" timestamp="2025-01-20T12:32:01 IST" skipped="0">
  <testcase classname="com.Login" name="Login_with_valid_usernameAndpassword" time="6.036"/>
  <system-out/>
  <testcase classname="com.Login" name="Login_with_valid_emailAndpassword" time="4.253"/>
  <system-out/>
  <testcase classname="com.Login" name="Login_with_Invalid_username" time="5.329"/>
  <system-out/>
  <testcase classname="com.Login" name="Login_with_Invalid_Gmail" time="5.752"/>
  <system-out/>
  <testcase classname="com.Login" name="Login_with_Invalid_Password" time="5.299"/>
  <system-out/>
</testsuite> <!-- com.Login -->
