<?xml version="1.0" encoding="UTF-8"?>
<!-- Generated by org.testng.reporters.JUnitReportReporter -->
<testsuite hostname="DESKTOP-NLMSAMV" failures="0" tests="5" name="com.Login" time="27.439" errors="0" timestamp="2025-01-20T11:24:32 IST" skipped="0">
  <testcase classname="com.Login" name="Login_with_valid_usernameAndpassword" time="3.749"/>
  <system-out/>
  <testcase classname="com.Login" name="Login_with_valid_emailAndpassword" time="4.674"/>
  <system-out/>
  <testcase classname="com.Login" name="Login_with_Invalid_username" time="6.129"/>
  <system-out/>
  <testcase classname="com.Login" name="Login_with_Invalid_Gmail" time="6.369"/>
  <system-out/>
  <testcase classname="com.Login" name="Login_with_Invalid_Password" time="6.518"/>
  <system-out/>
</testsuite> <!-- com.Login -->
