<?xml version="1.0" encoding="UTF-8"?>
<!-- Generated by org.testng.reporters.JUnitReportReporter -->
<testsuite hostname="DESKTOP-NLMSAMV" failures="0" tests="6" name="com.GamePlayByFreeUsers" time="577.145" errors="0" timestamp="2025-01-22T16:08:28 IST" skipped="0">
  <testcase classname="com.GamePlayByFreeUsers" name="test_Free_User_Play_Manually_Created_Game" time="117.019"/>
  <system-out/>
  <testcase classname="com.GamePlayByFreeUsers" name="test_Free_User_Play_AIGenerated_Game" time="81.165"/>
  <system-out/>
  <testcase classname="com.GamePlayByFreeUsers" name="test_Public_Game_Played_By_Non_Logged_User" time="117.595"/>
  <system-out/>
  <testcase classname="com.GamePlayByFreeUsers" name="test_Public_Game_Played_By_Logged_User_Who_having_Free_account" time="119.706"/>
  <system-out/>
  <testcase classname="com.GamePlayByFreeUsers" name="test_Free_User_Create_Game_Using_AI" time="88.958"/>
  <system-out/>
  <testcase classname="com.GamePlayByFreeUsers" name="test_Free_User_Creates_Game_Manually" time="52.702"/>
  <system-out/>
</testsuite> <!-- com.GamePlayByFreeUsers -->
