<?xml version="1.0" encoding="UTF-8"?>
<!-- Generated by org.testng.reporters.JUnitReportReporter -->
<testsuite hostname="DESKTOP-NLMSAMV" failures="0" tests="5" name="com.Login" time="23.114" errors="0" timestamp="2025-01-20T15:38:34 IST" skipped="0">
  <testcase classname="com.Login" name="Login_with_valid_usernameAndpassword" time="2.289"/>
  <system-out/>
  <testcase classname="com.Login" name="Login_with_valid_emailAndpassword" time="4.184"/>
  <system-out/>
  <testcase classname="com.Login" name="Login_with_Invalid_username" time="5.435"/>
  <system-out/>
  <testcase classname="com.Login" name="Login_with_Invalid_Gmail" time="5.761"/>
  <system-out/>
  <testcase classname="com.Login" name="Login_with_Invalid_Password" time="5.445"/>
  <system-out/>
</testsuite> <!-- com.Login -->
