<?xml version="1.0" encoding="UTF-8"?>
<!-- Generated by org.testng.reporters.JUnitReportReporter -->
<testsuite hostname="DESKTOP-NLMSAMV" failures="0" tests="7" name="com.Research" time="119.301" errors="0" timestamp="2025-01-17T17:00:43 IST" skipped="0">
  <testcase classname="com.Research" name="test_SignUP_FreeAccount" time="8.334"/>
  <system-out/>
  <testcase classname="com.Research" name="test_Create_Game_In_NewAccount_Who_having_FreeAccount" time="76.592"/>
  <system-out/>
  <testcase classname="com.Research" name="test_Preview_OF_CreatedGame" time="10.368"/>
  <system-out/>
  <testcase classname="com.Research" name="test_Move_A_CreatedGame_From_AllGames_To_CreatedFolder" time="9.275"/>
  <system-out/>
  <testcase classname="com.Research" name="test_Delete_Folder" time="2.519"/>
  <system-out/>
  <testcase classname="com.Research" name="test_Delete_Created_Game" time="6.759"/>
  <system-out/>
  <testcase classname="com.Research" name="test_Delete_Account" time="5.454"/>
  <system-out/>
</testsuite> <!-- com.Research -->
