<?xml version="1.0" encoding="UTF-8"?>
<!-- Generated by org.testng.reporters.JUnitReportReporter -->
<testsuite hostname="DESKTOP-NLMSAMV" failures="0" tests="1" name="com.test" time="165.641" errors="0" timestamp="2025-01-10T13:49:23 IST" skipped="0">
  <testcase classname="com.test" name="Sign_Up_with_Valid_Credentials" time="165.641"/>
  <system-out/>
</testsuite> <!-- com.test -->
