<?xml version="1.0" encoding="UTF-8"?>
<!-- Generated by org.testng.reporters.JUnitReportReporter -->
<testsuite hostname="DESKTOP-NLMSAMV" failures="0" tests="7" name="com.FreeAccountFeatures" time="125.508" errors="0" timestamp="2025-01-20T11:24:32 IST" skipped="0">
  <testcase classname="com.FreeAccountFeatures" name="test_SignUP_FreeAccount" time="8.357"/>
  <system-out/>
  <testcase classname="com.FreeAccountFeatures" name="test_Create_Game_In_NewAccount_Who_having_FreeAccount" time="81.606"/>
  <system-out/>
  <testcase classname="com.FreeAccountFeatures" name="test_Preview_OF_CreatedGame" time="12.781"/>
  <system-out/>
  <testcase classname="com.FreeAccountFeatures" name="test_Move_A_CreatedGame_From_AllGames_To_CreatedFolder" time="9.029"/>
  <system-out/>
  <testcase classname="com.FreeAccountFeatures" name="test_Delete_Folder" time="2.451"/>
  <system-out/>
  <testcase classname="com.FreeAccountFeatures" name="test_Delete_Created_Game" time="7.139"/>
  <system-out/>
  <testcase classname="com.FreeAccountFeatures" name="test_Delete_Account" time="4.145"/>
  <system-out/>
</testsuite> <!-- com.FreeAccountFeatures -->
