<?xml version="1.0" encoding="UTF-8"?>
<!-- Generated by org.testng.reporters.JUnitReportReporter -->
<testsuite hostname="DESKTOP-NLMSAMV" failures="0" tests="2" name="com.Sig" time="8.533" errors="0" timestamp="2024-12-28T09:06:23 IST" skipped="0">
  <testcase classname="com.Sig" name="Sign_Up_with_an_already_Registered_Email" time="6.589"/>
  <system-out/>
  <testcase classname="com.Sig" name="SignUp_with_an_Invalid_EmailID" time="1.944"/>
  <system-out/>
</testsuite> <!-- com.Sig -->
