<?xml version="1.0" encoding="UTF-8"?>
<!-- Generated by org.testng.reporters.JUnitReportReporter -->
<testsuite hostname="DESKTOP-NLMSAMV" failures="0" tests="6" name="com.GamePlayByFreeUsers" time="605.992" errors="0" timestamp="2025-01-27T12:23:33 IST" skipped="0">
  <testcase classname="com.GamePlayByFreeUsers" name="test_Free_User_Play_Manually_Created_Game" time="115.896"/>
  <system-out/>
  <testcase classname="com.GamePlayByFreeUsers" name="test_Free_User_Play_AIGenerated_Game" time="80.863"/>
  <system-out/>
  <testcase classname="com.GamePlayByFreeUsers" name="test_Public_Game_Played_By_Non_Logged_User" time="147.410"/>
  <system-out/>
  <testcase classname="com.GamePlayByFreeUsers" name="test_Public_Game_Played_By_Logged_User_Who_having_Free_account" time="119.374"/>
  <system-out/>
  <testcase classname="com.GamePlayByFreeUsers" name="test_Free_User_Create_Game_Using_AI" time="87.280"/>
  <system-out/>
  <testcase classname="com.GamePlayByFreeUsers" name="test_Free_User_Creates_Game_Manually" time="55.169"/>
  <system-out/>
</testsuite> <!-- com.GamePlayByFreeUsers -->
