<?xml version="1.0" encoding="UTF-8"?>
<!-- Generated by org.testng.reporters.JUnitReportReporter -->
<testsuite hostname="DESKTOP-NLMSAMV" failures="0" tests="5" name="com.Login" time="21.265" errors="0" timestamp="2025-01-13T12:26:23 IST" skipped="0">
  <testcase classname="com.Login" name="Login_with_valid_usernameAndpassword" time="2.001"/>
  <system-out/>
  <testcase classname="com.Login" name="Login_with_valid_emailAndpassword" time="3.932"/>
  <system-out/>
  <testcase classname="com.Login" name="Login_with_Invalid_username" time="5.085"/>
  <system-out/>
  <testcase classname="com.Login" name="Login_with_Invalid_Gmail" time="5.110"/>
  <system-out/>
  <testcase classname="com.Login" name="Login_with_Invalid_Password" time="5.137"/>
  <system-out/>
</testsuite> <!-- com.Login -->
