<?xml version="1.0" encoding="UTF-8"?>
<!-- Generated by org.testng.reporters.JUnitReportReporter -->
<testsuite hostname="DESKTOP-NLMSAMV" failures="0" tests="5" name="com.Login" time="22.508" errors="0" timestamp="2025-01-13T12:52:31 IST" skipped="0">
  <testcase classname="com.Login" name="Login_with_valid_usernameAndpassword" time="2.330"/>
  <system-out/>
  <testcase classname="com.Login" name="Login_with_valid_emailAndpassword" time="4.185"/>
  <system-out/>
  <testcase classname="com.Login" name="Login_with_Invalid_username" time="5.229"/>
  <system-out/>
  <testcase classname="com.Login" name="Login_with_Invalid_Gmail" time="5.437"/>
  <system-out/>
  <testcase classname="com.Login" name="Login_with_Invalid_Password" time="5.327"/>
  <system-out/>
</testsuite> <!-- com.Login -->
