<?xml version="1.0" encoding="UTF-8"?>
<!-- Generated by org.testng.reporters.JUnitReportReporter -->
<testsuite hostname="DESKTOP-NLMSAMV" failures="0" tests="2" name="com.Research" time="172.828" errors="0" timestamp="2025-01-13T17:10:14 IST" skipped="0">
  <testcase classname="com.Research" name="test_Free_User_Play_Manually_Created_Game" time="124.674"/>
  <system-out/>
  <testcase classname="com.Research" name="test_Free_User_Creates_Game_Manually" time="48.154"/>
  <system-out/>
</testsuite> <!-- com.Research -->
