<?xml version="1.0" encoding="UTF-8"?>
<!-- Generated by org.testng.reporters.JUnitReportReporter -->
<testsuite hostname="DESKTOP-NLMSAMV" failures="0" tests="1" name="com.Research" time="52.825" errors="0" timestamp="2025-01-16T14:15:02 IST" skipped="0">
  <testcase classname="com.Research" name="test_New_user_create_Folders" time="52.825"/>
  <system-out/>
</testsuite> <!-- com.Research -->
