<?xml version="1.0" encoding="UTF-8"?>
<!-- Generated by org.testng.reporters.JUnitReportReporter -->
<testsuite hostname="DESKTOP-NLMSAMV" failures="0" tests="2" name="com.Research" time="167.442" errors="0" timestamp="2025-01-10T14:43:31 IST" skipped="0">
  <testcase classname="com.Research" name="testFreeUserPlayAIGeneratedGame" time="84.903"/>
  <system-out/>
  <testcase classname="com.Research" name="testFreeUserCreatesGameUsingAI" time="82.539"/>
  <system-out/>
</testsuite> <!-- com.Research -->
