<?xml version="1.0" encoding="UTF-8"?>
<!-- Generated by org.testng.reporters.JUnitReportReporter -->
<testsuite hostname="DESKTOP-NLMSAMV" failures="0" tests="5" name="com.Login" time="21.772" errors="0" timestamp="2025-01-15T09:45:59 IST" skipped="0">
  <testcase classname="com.Login" name="Login_with_valid_usernameAndpassword" time="1.957"/>
  <system-out/>
  <testcase classname="com.Login" name="Login_with_valid_emailAndpassword" time="4.363"/>
  <system-out/>
  <testcase classname="com.Login" name="Login_with_Invalid_username" time="5.139"/>
  <system-out/>
  <testcase classname="com.Login" name="Login_with_Invalid_Gmail" time="5.150"/>
  <system-out/>
  <testcase classname="com.Login" name="Login_with_Invalid_Password" time="5.163"/>
  <system-out/>
</testsuite> <!-- com.Login -->
