<?xml version="1.0" encoding="UTF-8"?>
<!-- Generated by org.testng.reporters.JUnitReportReporter -->
<testsuite hostname="DESKTOP-NLMSAMV" failures="0" tests="7" name="com.SignUP" time="19.952" errors="0" timestamp="2024-12-30T12:47:56 IST" skipped="0">
  <testcase classname="com.SignUP" name="Sign_Up_with_Valid_Credentials" time="8.553"/>
  <system-out/>
  <testcase classname="com.SignUP" name="Sign_Up_with_an_already_Registered_Email" time="4.002"/>
  <system-out/>
  <testcase classname="com.SignUP" name="SignUp_with_an_Invalid_EmailID" time="1.817"/>
  <system-out/>
  <testcase classname="com.SignUP" name="SignUp_with_Password_ConfirmPassword_Missmatch" time="1.632"/>
  <system-out/>
  <testcase classname="com.SignUP" name="SignUp_with_a_Password_Less_Than_6_Characters" time="1.332"/>
  <system-out/>
  <testcase classname="com.SignUP" name="SignUp_with_an_Email_Containing_Invalid_Characters_Space" time="1.313"/>
  <system-out/>
  <testcase classname="com.SignUP" name="SignUp_with_an_Password_Containing_Invalid_Characters_Space" time="1.303"/>
  <system-out/>
</testsuite> <!-- com.SignUP -->
