<?xml version="1.0" encoding="UTF-8"?>
<!-- Generated by org.testng.reporters.JUnitReportReporter -->
<testsuite hostname="DESKTOP-NLMSAMV" failures="0" tests="5" name="com.Login" time="22.918" errors="0" timestamp="2025-01-08T11:43:51 IST" skipped="0">
  <testcase classname="com.Login" name="Login_with_valid_usernameAndpassword" time="2.485"/>
  <system-out/>
  <testcase classname="com.Login" name="Login_with_valid_emailAndpassword" time="3.508"/>
  <system-out/>
  <testcase classname="com.Login" name="Login_with_Invalid_username" time="4.713"/>
  <system-out/>
  <testcase classname="com.Login" name="Login_with_Invalid_Gmail" time="8.543"/>
  <system-out/>
  <testcase classname="com.Login" name="Login_with_Invalid_Password" time="3.669"/>
  <system-out/>
</testsuite> <!-- com.Login -->
