<?xml version="1.0" encoding="UTF-8"?>
<!-- Generated by org.testng.reporters.JUnitReportReporter -->
<testsuite hostname="DESKTOP-NLMSAMV" failures="0" tests="8" name="com.FreeAccountFeatures" time="139.960" errors="0" timestamp="2025-01-20T15:38:34 IST" skipped="0">
  <testcase classname="com.FreeAccountFeatures" name="test_SignUP_FreeAccount" time="7.319"/>
  <system-out/>
  <testcase classname="com.FreeAccountFeatures" name="test_Create_Game_In_NewAccount_Who_having_FreeAccount" time="80.907"/>
  <system-out/>
  <testcase classname="com.FreeAccountFeatures" name="test_Preview_OF_CreatedGame" time="15.104"/>
  <system-out/>
  <testcase classname="com.FreeAccountFeatures" name="test_Preview_A_Public_Game" time="11.665"/>
  <system-out/>
  <testcase classname="com.FreeAccountFeatures" name="test_Move_A_CreatedGame_From_AllGames_To_CreatedFolder" time="8.873"/>
  <system-out/>
  <testcase classname="com.FreeAccountFeatures" name="test_Delete_Folder" time="4.434"/>
  <system-out/>
  <testcase classname="com.FreeAccountFeatures" name="test_Delete_Created_Game" time="7.204"/>
  <system-out/>
  <testcase classname="com.FreeAccountFeatures" name="test_Delete_Account" time="4.454"/>
  <system-out/>
</testsuite> <!-- com.FreeAccountFeatures -->
