<?xml version="1.0" encoding="UTF-8"?>
<!-- Generated by org.testng.reporters.JUnitReportReporter -->
<testsuite hostname="DESKTOP-NLMSAMV" failures="0" tests="4" name="com.GamePlayByFreeUsers" time="391.969" errors="0" timestamp="2025-01-10T16:54:05 IST" skipped="0">
  <testcase classname="com.GamePlayByFreeUsers" name="test_Free_User_Play_AIGenerated_Game" time="80.801"/>
  <system-out/>
  <testcase classname="com.GamePlayByFreeUsers" name="test_Public_Game_Played_By_Non_Logged_User" time="113.811"/>
  <system-out/>
  <testcase classname="com.GamePlayByFreeUsers" name="test_Public_Game_Played_By_Logged_User_Who_having_Free_account" time="118.033"/>
  <system-out/>
  <testcase classname="com.GamePlayByFreeUsers" name="test_Free_User_Creates_Game_Using_AI" time="79.324"/>
  <system-out/>
</testsuite> <!-- com.GamePlayByFreeUsers -->
