<?xml version="1.0" encoding="UTF-8"?>
<!-- Generated by org.testng.reporters.JUnitReportReporter -->
<testsuite hostname="DESKTOP-NLMSAMV" failures="0" tests="8" name="com.FreeAccountFeatures" time="148.219" errors="0" timestamp="2025-01-22T15:02:42 IST" skipped="0">
  <testcase classname="com.FreeAccountFeatures" name="test_SignUP_FreeAccount" time="7.501"/>
  <system-out/>
  <testcase classname="com.FreeAccountFeatures" name="test_Create_Game_In_NewAccount_Who_having_FreeAccount" time="88.102"/>
  <system-out/>
  <testcase classname="com.FreeAccountFeatures" name="test_Preview_OF_CreatedGame" time="12.524"/>
  <system-out/>
  <testcase classname="com.FreeAccountFeatures" name="test_Preview_A_Public_Game" time="15.550"/>
  <system-out/>
  <testcase classname="com.FreeAccountFeatures" name="test_Move_A_CreatedGame_From_AllGames_To_CreatedFolder" time="8.831"/>
  <system-out/>
  <testcase classname="com.FreeAccountFeatures" name="test_Delete_Folder" time="4.457"/>
  <system-out/>
  <testcase classname="com.FreeAccountFeatures" name="test_Delete_Created_Game" time="7.251"/>
  <system-out/>
  <testcase classname="com.FreeAccountFeatures" name="test_Delete_Account" time="4.003"/>
  <system-out/>
</testsuite> <!-- com.FreeAccountFeatures -->
