<?xml version="1.0" encoding="UTF-8"?>
<!-- Generated by org.testng.reporters.JUnitReportReporter -->
<testsuite hostname="DESKTOP-NLMSAMV" failures="0" tests="2" name="com.Research" time="177.205" errors="0" timestamp="2025-01-14T18:18:07 IST" skipped="0">
  <testcase classname="com.Research" name="test_Free_User_Play_Manually_Created_Game" time="131.228"/>
  <system-out/>
  <testcase classname="com.Research" name="test_Free_User_Creates_Game_Manually" time="45.977"/>
  <system-out/>
</testsuite> <!-- com.Research -->
