<?xml version="1.0" encoding="UTF-8"?>
<!-- Generated by org.testng.reporters.JUnitReportReporter -->
<testsuite hostname="DESKTOP-NLMSAMV" failures="0" tests="5" name="com.Login" time="23.369" errors="0" timestamp="2025-01-08T13:09:05 IST" skipped="0">
  <testcase classname="com.Login" name="Login_with_valid_usernameAndpassword" time="2.560"/>
  <system-out/>
  <testcase classname="com.Login" name="Login_with_valid_emailAndpassword" time="4.213"/>
  <system-out/>
  <testcase classname="com.Login" name="Login_with_Invalid_username" time="5.490"/>
  <system-out/>
  <testcase classname="com.Login" name="Login_with_Invalid_Gmail" time="5.502"/>
  <system-out/>
  <testcase classname="com.Login" name="Login_with_Invalid_Password" time="5.604"/>
  <system-out/>
</testsuite> <!-- com.Login -->
