<?xml version="1.0" encoding="UTF-8"?>
<!-- Generated by org.testng.reporters.JUnitReportReporter -->
<testsuite hostname="DESKTOP-NLMSAMV" failures="0" tests="7" name="com.SignUP" time="19.676" errors="0" timestamp="2025-01-13T12:26:23 IST" skipped="0">
  <testcase classname="com.SignUP" name="Sign_Up_with_Valid_Credentials" time="8.533"/>
  <system-out/>
  <testcase classname="com.SignUP" name="Sign_Up_with_an_already_Registered_Email" time="5.007"/>
  <system-out/>
  <testcase classname="com.SignUP" name="SignUp_with_an_Invalid_EmailID" time="1.109"/>
  <system-out/>
  <testcase classname="com.SignUP" name="SignUp_with_Password_ConfirmPassword_Missmatch" time="1.100"/>
  <system-out/>
  <testcase classname="com.SignUP" name="SignUp_with_a_Password_Less_Than_6_Characters" time="1.153"/>
  <system-out/>
  <testcase classname="com.SignUP" name="SignUp_with_an_Email_Containing_Invalid_Characters_Space" time="1.575"/>
  <system-out/>
  <testcase classname="com.SignUP" name="SignUp_with_an_Password_Containing_Invalid_Characters_Space" time="1.199"/>
  <system-out/>
</testsuite> <!-- com.SignUP -->
