<?xml version="1.0" encoding="UTF-8"?>
<!-- Generated by org.testng.reporters.JUnitReportReporter -->
<testsuite hostname="DESKTOP-NLMSAMV" failures="0" tests="5" name="com.Login" time="22.764" errors="0" timestamp="2025-01-15T12:04:09 IST" skipped="0">
  <testcase classname="com.Login" name="Login_with_valid_usernameAndpassword" time="2.302"/>
  <system-out/>
  <testcase classname="com.Login" name="Login_with_valid_emailAndpassword" time="4.802"/>
  <system-out/>
  <testcase classname="com.Login" name="Login_with_Invalid_username" time="5.155"/>
  <system-out/>
  <testcase classname="com.Login" name="Login_with_Invalid_Gmail" time="5.328"/>
  <system-out/>
  <testcase classname="com.Login" name="Login_with_Invalid_Password" time="5.177"/>
  <system-out/>
</testsuite> <!-- com.Login -->
