<?xml version="1.0" encoding="UTF-8"?>
<!-- Generated by org.testng.reporters.JUnitReportReporter -->
<testsuite hostname="DESKTOP-NLMSAMV" failures="0" tests="6" name="com.GamePlayByFreeUsers" time="353.080" errors="0" timestamp="2025-01-16T16:08:42 IST" skipped="2">
  <testcase classname="com.GamePlayByFreeUsers" name="test_Free_User_Play_AIGenerated_Game" time="87.783"/>
  <system-out/>
  <testcase classname="com.GamePlayByFreeUsers" name="test_Free_User_Play_Manually_Created_Game" time="124.751"/>
  <system-out/>
  <testcase classname="com.GamePlayByFreeUsers" name="test_Free_User_Create_Game_Using_AI" time="89.185"/>
  <system-out/>
  <testcase classname="com.GamePlayByFreeUsers" name="test_Free_User_Creates_Game_Manually" time="51.361"/>
  <system-out/>
  <testcase classname="com.GamePlayByFreeUsers" name="test_Public_Game_Played_By_Logged_User_Who_having_Free_account">
    <skipped/>
  </testcase> <!-- test_Public_Game_Played_By_Logged_User_Who_having_Free_account -->
  <system-out/>
  <testcase classname="com.GamePlayByFreeUsers" name="test_Public_Game_Played_By_Non_Logged_User">
    <skipped/>
  </testcase> <!-- test_Public_Game_Played_By_Non_Logged_User -->
  <system-out/>
</testsuite> <!-- com.GamePlayByFreeUsers -->
