<?xml version="1.0" encoding="UTF-8"?>
<!-- Generated by org.testng.reporters.JUnitReportReporter -->
<testsuite hostname="DESKTOP-NLMSAMV" failures="1" tests="1" name="com.Test2" time="16.171" errors="0" timestamp="2025-01-21T14:08:29 IST" skipped="0">
  <testcase classname="com.Test2" name="Login_with_Invalid_username" time="16.171">
    <failure message="Locator expected to contain text: Question 3
Received: Question (ex. Who was the first American President?)Question 22 Upgrade to PROfor advanced formatting, images, video and equationsUpload ImageUpload VideoEnter EquationUpload Sound

Call log:
  - Locator.expect with timeout 5000ms
  - waiting for locator(&quot;#question&quot;)
    4 × locator resolved to &lt;div id=&quot;question&quot; class=&quot;questionAnswerGroup&quot;&gt;…&lt;/div&gt;
      - unexpected value &quot;Question (ex. Who was the first American President?)Question 17 Upgrade to PROfor advanced formatting, images, video and equationsUpload ImageUpload VideoEnter EquationUpload Sound&quot;
    5 × locator resolved to &lt;div id=&quot;question&quot; class=&quot;questionAnswerGroup&quot;&gt;…&lt;/div&gt;
      - unexpected value &quot;Question (ex. Who was the first American President?)Question 22 Upgrade to PROfor advanced formatting, images, video and equationsUpload ImageUpload VideoEnter EquationUpload Sound&quot;" type="org.opentest4j.AssertionFailedError">
      <![CDATA[org.opentest4j.AssertionFailedError: Locator expected to contain text: Question 3
Received: Question (ex. Who was the first American President?)Question 22 Upgrade to PROfor advanced formatting, images, video and equationsUpload ImageUpload VideoEnter EquationUpload Sound

Call log:
  - Locator.expect with timeout 5000ms
  - waiting for locator("#question")
    4 × locator resolved to <div id="question" class="questionAnswerGroup">…</div>
      - unexpected value "Question (ex. Who was the first American President?)Question 17 Upgrade to PROfor advanced formatting, images, video and equationsUpload ImageUpload VideoEnter EquationUpload Sound"
    5 × locator resolved to <div id="question" class="questionAnswerGroup">…</div>
      - unexpected value "Question (ex. Who was the first American President?)Question 22 Upgrade to PROfor advanced formatting, images, video and equationsUpload ImageUpload VideoEnter EquationUpload Sound"
at com.microsoft.playwright.impl.AssertionsBase.expectImpl(AssertionsBase.java:74)
at com.microsoft.playwright.impl.AssertionsBase.expectImpl(AssertionsBase.java:51)
at com.microsoft.playwright.impl.AssertionsBase.expectImpl(AssertionsBase.java:42)
at com.microsoft.playwright.impl.LocatorAssertionsImpl.containsText(LocatorAssertionsImpl.java:47)
at com.microsoft.playwright.assertions.LocatorAssertions.containsText(LocatorAssertions.java:853)
at com.Test2.Login_with_Invalid_username(Test2.java:35)
at java.base/jdk.internal.reflect.NativeMethodAccessorImpl.invoke0(Native Method)
at java.base/jdk.internal.reflect.NativeMethodAccessorImpl.invoke(NativeMethodAccessorImpl.java:77)
at java.base/jdk.internal.reflect.DelegatingMethodAccessorImpl.invoke(DelegatingMethodAccessorImpl.java:43)
at java.base/java.lang.reflect.Method.invoke(Method.java:568)
at org.testng.internal.MethodInvocationHelper.invokeMethod(MethodInvocationHelper.java:133)
at org.testng.internal.TestInvoker.invokeMethod(TestInvoker.java:598)
at org.testng.internal.TestInvoker.invokeTestMethod(TestInvoker.java:173)
at org.testng.internal.MethodRunner.runInSequence(MethodRunner.java:46)
at org.testng.internal.TestInvoker$MethodInvocationAgent.invoke(TestInvoker.java:824)
at org.testng.internal.TestInvoker.invokeTestMethods(TestInvoker.java:146)
at org.testng.internal.TestMethodWorker.invokeTestMethods(TestMethodWorker.java:146)
at org.testng.internal.TestMethodWorker.run(TestMethodWorker.java:128)
at java.base/java.util.ArrayList.forEach(ArrayList.java:1511)
at org.testng.TestRunner.privateRun(TestRunner.java:794)
at org.testng.TestRunner.run(TestRunner.java:596)
at org.testng.SuiteRunner.runTest(SuiteRunner.java:377)
at org.testng.SuiteRunner.runSequentially(SuiteRunner.java:371)
at org.testng.SuiteRunner.privateRun(SuiteRunner.java:332)
at org.testng.SuiteRunner.run(SuiteRunner.java:276)
at org.testng.SuiteRunnerWorker.runSuite(SuiteRunnerWorker.java:53)
at org.testng.SuiteRunnerWorker.run(SuiteRunnerWorker.java:96)
at org.testng.TestNG.runSuitesSequentially(TestNG.java:1212)
at org.testng.TestNG.runSuitesLocally(TestNG.java:1134)
at org.testng.TestNG.runSuites(TestNG.java:1063)
at org.testng.TestNG.run(TestNG.java:1031)
at org.testng.remote.AbstractRemoteTestNG.run(AbstractRemoteTestNG.java:115)
at org.testng.remote.RemoteTestNG.initAndRun(RemoteTestNG.java:293)
at org.testng.remote.RemoteTestNG.main(RemoteTestNG.java:91)
]]>
    </failure>
  </testcase> <!-- Login_with_Invalid_username -->
  <system-out/>
</testsuite> <!-- com.Test2 -->
