<?xml version="1.0" encoding="UTF-8"?>
<!-- Generated by org.testng.reporters.JUnitReportReporter -->
<testsuite hostname="DESKTOP-NLMSAMV" failures="0" tests="1" name="com.TestcaseLogin" time="38.784" errors="0" timestamp="2025-01-21T17:50:30 IST" skipped="0">
  <testcase classname="com.TestcaseLogin" name="Login_with_Invalid_username" time="38.784"/>
  <system-out/>
</testsuite> <!-- com.TestcaseLogin -->
