<?xml version="1.0" encoding="UTF-8"?>
<!-- Generated by org.testng.reporters.JUnitReportReporter -->
<testsuite hostname="DESKTOP-NLMSAMV" failures="0" tests="5" name="com.Login" time="22.644" errors="0" timestamp="2025-01-15T10:30:09 IST" skipped="0">
  <testcase classname="com.Login" name="Login_with_valid_usernameAndpassword" time="2.007"/>
  <testcase classname="com.Login" name="Login_with_valid_emailAndpassword" time="4.855"/>
  <testcase classname="com.Login" name="Login_with_Invalid_username" time="5.508"/>
  <testcase classname="com.Login" name="Login_with_Invalid_Gmail" time="5.140"/>
  <testcase classname="com.Login" name="Login_with_Invalid_Password" time="5.134"/>
</testsuite> <!-- com.Login -->
