<?xml version="1.0" encoding="UTF-8"?>
<!-- Generated by org.testng.reporters.JUnitReportReporter -->
<testsuite hostname="DESKTOP-NLMSAMV" failures="0" tests="5" name="com.Login" time="22.103" errors="0" timestamp="2025-01-16T16:44:50 IST" skipped="0">
  <testcase classname="com.Login" name="Login_with_valid_usernameAndpassword" time="2.004"/>
  <testcase classname="com.Login" name="Login_with_valid_emailAndpassword" time="3.922"/>
  <testcase classname="com.Login" name="Login_with_Invalid_username" time="5.203"/>
  <testcase classname="com.Login" name="Login_with_Invalid_Gmail" time="5.226"/>
  <testcase classname="com.Login" name="Login_with_Invalid_Password" time="5.748"/>
</testsuite> <!-- com.Login -->
