<?xml version="1.0" encoding="UTF-8"?>
<!-- Generated by org.testng.reporters.JUnitReportReporter -->
<testsuite hostname="DESKTOP-NLMSAMV" failures="0" tests="8" name="com.FreeAccountFeatures" time="141.770" errors="0" timestamp="2025-01-27T11:55:11 IST" skipped="0">
  <testcase classname="com.FreeAccountFeatures" name="test_SignUP_FreeAccount" time="7.214"/>
  <testcase classname="com.FreeAccountFeatures" name="test_Create_Game_In_NewAccount_Who_having_FreeAccount" time="81.023"/>
  <testcase classname="com.FreeAccountFeatures" name="test_Preview_OF_CreatedGame" time="13.341"/>
  <testcase classname="com.FreeAccountFeatures" name="test_Preview_A_Public_Game" time="15.609"/>
  <testcase classname="com.FreeAccountFeatures" name="test_Move_A_CreatedGame_From_AllGames_To_CreatedFolder" time="8.929"/>
  <testcase classname="com.FreeAccountFeatures" name="test_Delete_Folder" time="4.469"/>
  <testcase classname="com.FreeAccountFeatures" name="test_Delete_Created_Game" time="7.092"/>
  <testcase classname="com.FreeAccountFeatures" name="test_Delete_Account" time="4.093"/>
</testsuite> <!-- com.FreeAccountFeatures -->
