<?xml version="1.0" encoding="UTF-8"?>
<!-- Generated by org.testng.reporters.JUnitReportReporter -->
<testsuite hostname="DESKTOP-NLMSAMV" failures="0" tests="1" name="com.TestcaseLogin" time="7.049" errors="0" timestamp="2025-01-17T12:21:00 IST" skipped="0">
  <testcase classname="com.TestcaseLogin" name="Login_with_Invalid_username" time="7.049"/>
</testsuite> <!-- com.TestcaseLogin -->
