<?xml version="1.0" encoding="UTF-8"?>
<!-- Generated by org.testng.reporters.JUnitReportReporter -->
<testsuite hostname="DESKTOP-NLMSAMV" failures="0" tests="5" name="com.Login" time="22.371" errors="0" timestamp="2025-01-20T13:23:59 IST" skipped="0">
  <testcase classname="com.Login" name="Login_with_valid_usernameAndpassword" time="2.248"/>
  <testcase classname="com.Login" name="Login_with_valid_emailAndpassword" time="4.092"/>
  <testcase classname="com.Login" name="Login_with_Invalid_username" time="5.303"/>
  <testcase classname="com.Login" name="Login_with_Invalid_Gmail" time="5.413"/>
  <testcase classname="com.Login" name="Login_with_Invalid_Password" time="5.315"/>
</testsuite> <!-- com.Login -->
