<?xml version="1.0" encoding="UTF-8"?>
<!-- Generated by org.testng.reporters.JUnitReportReporter -->
<testsuite hostname="DESKTOP-NLMSAMV" failures="0" tests="5" name="com.Login" time="23.317" errors="0" timestamp="2025-01-13T13:39:33 IST" skipped="0">
  <testcase classname="com.Login" name="Login_with_valid_usernameAndpassword" time="2.173"/>
  <testcase classname="com.Login" name="Login_with_valid_emailAndpassword" time="4.294"/>
  <testcase classname="com.Login" name="Login_with_Invalid_username" time="5.403"/>
  <testcase classname="com.Login" name="Login_with_Invalid_Gmail" time="5.400"/>
  <testcase classname="com.Login" name="Login_with_Invalid_Password" time="6.047"/>
</testsuite> <!-- com.Login -->
