<?xml version="1.0" encoding="UTF-8"?>
<!-- Generated by org.testng.reporters.JUnitReportReporter -->
<testsuite hostname="DESKTOP-NLMSAMV" failures="0" tests="5" name="com.Login" time="24.609" errors="0" timestamp="2025-01-13T11:42:28 IST" skipped="0">
  <testcase classname="com.Login" name="Login_with_valid_usernameAndpassword" time="2.618"/>
  <testcase classname="com.Login" name="Login_with_valid_emailAndpassword" time="4.647"/>
  <testcase classname="com.Login" name="Login_with_Invalid_username" time="5.696"/>
  <testcase classname="com.Login" name="Login_with_Invalid_Gmail" time="5.608"/>
  <testcase classname="com.Login" name="Login_with_Invalid_Password" time="6.040"/>
</testsuite> <!-- com.Login -->
