<?xml version="1.0" encoding="UTF-8"?>
<!-- Generated by org.testng.reporters.JUnitReportReporter -->
<testsuite hostname="DESKTOP-NLMSAMV" failures="0" tests="5" name="com.Login" time="23.471" errors="0" timestamp="2025-01-13T13:00:26 IST" skipped="0">
  <testcase classname="com.Login" name="Login_with_valid_usernameAndpassword" time="2.172"/>
  <testcase classname="com.Login" name="Login_with_valid_emailAndpassword" time="4.402"/>
  <testcase classname="com.Login" name="Login_with_Invalid_username" time="5.656"/>
  <testcase classname="com.Login" name="Login_with_Invalid_Gmail" time="5.245"/>
  <testcase classname="com.Login" name="Login_with_Invalid_Password" time="5.996"/>
</testsuite> <!-- com.Login -->
