<?xml version="1.0" encoding="UTF-8"?>
<!-- Generated by org.testng.reporters.JUnitReportReporter -->
<testsuite hostname="DESKTOP-NLMSAMV" failures="0" tests="8" name="com.FreeAccountFeatures" time="148.111" errors="0" timestamp="2025-01-22T16:51:33 IST" skipped="0">
  <testcase classname="com.FreeAccountFeatures" name="test_SignUP_FreeAccount" time="7.662"/>
  <testcase classname="com.FreeAccountFeatures" name="test_Create_Game_In_NewAccount_Who_having_FreeAccount" time="82.864"/>
  <testcase classname="com.FreeAccountFeatures" name="test_Preview_OF_CreatedGame" time="13.842"/>
  <testcase classname="com.FreeAccountFeatures" name="test_Preview_A_Public_Game" time="16.905"/>
  <testcase classname="com.FreeAccountFeatures" name="test_Move_A_CreatedGame_From_AllGames_To_CreatedFolder" time="10.484"/>
  <testcase classname="com.FreeAccountFeatures" name="test_Delete_Folder" time="4.502"/>
  <testcase classname="com.FreeAccountFeatures" name="test_Delete_Created_Game" time="7.291"/>
  <testcase classname="com.FreeAccountFeatures" name="test_Delete_Account" time="4.561"/>
</testsuite> <!-- com.FreeAccountFeatures -->
