<?xml version="1.0" encoding="UTF-8"?>
<!-- Generated by org.testng.reporters.JUnitReportReporter -->
<testsuite hostname="DESKTOP-NLMSAMV" failures="0" tests="5" name="com.Login" time="24.406" errors="0" timestamp="2025-01-22T16:51:33 IST" skipped="0">
  <testcase classname="com.Login" name="Login_with_valid_usernameAndpassword" time="3.235"/>
  <testcase classname="com.Login" name="Login_with_valid_emailAndpassword" time="4.259"/>
  <testcase classname="com.Login" name="Login_with_Invalid_username" time="5.467"/>
  <testcase classname="com.Login" name="Login_with_Invalid_Gmail" time="5.711"/>
  <testcase classname="com.Login" name="Login_with_Invalid_Password" time="5.734"/>
</testsuite> <!-- com.Login -->
