<?xml version="1.0" encoding="UTF-8"?>
<!-- Generated by org.testng.reporters.JUnitReportReporter -->
<testsuite hostname="DESKTOP-NLMSAMV" failures="0" tests="7" name="com.FreeAccountFeatures" time="122.284" errors="0" timestamp="2025-01-20T13:23:59 IST" skipped="0">
  <testcase classname="com.FreeAccountFeatures" name="test_SignUP_FreeAccount" time="7.291"/>
  <testcase classname="com.FreeAccountFeatures" name="test_Create_Game_In_NewAccount_Who_having_FreeAccount" time="78.451"/>
  <testcase classname="com.FreeAccountFeatures" name="test_Preview_OF_CreatedGame" time="12.187"/>
  <testcase classname="com.FreeAccountFeatures" name="test_Move_A_CreatedGame_From_AllGames_To_CreatedFolder" time="8.710"/>
  <testcase classname="com.FreeAccountFeatures" name="test_Delete_Folder" time="4.588"/>
  <testcase classname="com.FreeAccountFeatures" name="test_Delete_Created_Game" time="6.750"/>
  <testcase classname="com.FreeAccountFeatures" name="test_Delete_Account" time="4.307"/>
</testsuite> <!-- com.FreeAccountFeatures -->
