<?xml version="1.0" encoding="UTF-8"?>
<!-- Generated by org.testng.reporters.JUnitReportReporter -->
<testsuite hostname="DESKTOP-NLMSAMV" failures="0" tests="5" name="com.Login" time="23.238" errors="0" timestamp="2025-01-17T18:06:49 IST" skipped="0">
  <testcase classname="com.Login" name="Login_with_valid_usernameAndpassword" time="2.393"/>
  <testcase classname="com.Login" name="Login_with_valid_emailAndpassword" time="4.254"/>
  <testcase classname="com.Login" name="Login_with_Invalid_username" time="5.605"/>
  <testcase classname="com.Login" name="Login_with_Invalid_Gmail" time="5.456"/>
  <testcase classname="com.Login" name="Login_with_Invalid_Password" time="5.530"/>
</testsuite> <!-- com.Login -->
