<?xml version="1.0" encoding="UTF-8"?>
<!-- Generated by org.testng.reporters.JUnitReportReporter -->
<testsuite hostname="DESKTOP-NLMSAMV" failures="0" tests="5" name="com.Login" time="25.072" errors="0" timestamp="2025-01-13T12:02:43 IST" skipped="0">
  <testcase classname="com.Login" name="Login_with_valid_usernameAndpassword" time="2.736"/>
  <testcase classname="com.Login" name="Login_with_valid_emailAndpassword" time="5.594"/>
  <testcase classname="com.Login" name="Login_with_Invalid_username" time="5.647"/>
  <testcase classname="com.Login" name="Login_with_Invalid_Gmail" time="5.785"/>
  <testcase classname="com.Login" name="Login_with_Invalid_Password" time="5.310"/>
</testsuite> <!-- com.Login -->
