<?xml version="1.0" encoding="UTF-8"?>
<!-- Generated by org.testng.reporters.JUnitReportReporter -->
<testsuite hostname="DESKTOP-NLMSAMV" failures="0" tests="5" name="com.Login" time="22.385" errors="0" timestamp="2025-01-14T12:03:21 IST" skipped="0">
  <testcase classname="com.Login" name="Login_with_valid_usernameAndpassword" time="2.021"/>
  <testcase classname="com.Login" name="Login_with_valid_emailAndpassword" time="4.132"/>
  <testcase classname="com.Login" name="Login_with_Invalid_username" time="5.288"/>
  <testcase classname="com.Login" name="Login_with_Invalid_Gmail" time="5.406"/>
  <testcase classname="com.Login" name="Login_with_Invalid_Password" time="5.538"/>
</testsuite> <!-- com.Login -->
