<?xml version="1.0" encoding="UTF-8"?>
<!-- Generated by org.testng.reporters.JUnitReportReporter -->
<testsuite hostname="DESKTOP-NLMSAMV" failures="0" tests="2" name="com.Research" time="170.392" errors="0" timestamp="2025-01-13T17:16:03 IST" skipped="0">
  <testcase classname="com.Research" name="test_Free_User_Play_Manually_Created_Game" time="123.325"/>
  <testcase classname="com.Research" name="test_Free_User_Creates_Game_Manually" time="47.067"/>
</testsuite> <!-- com.Research -->
