<?xml version="1.0" encoding="UTF-8"?>
<!-- Generated by org.testng.reporters.JUnitReportReporter -->
<testsuite hostname="DESKTOP-NLMSAMV" failures="0" tests="5" name="com.Login" time="21.952" errors="0" timestamp="2025-01-27T11:55:11 IST" skipped="0">
  <testcase classname="com.Login" name="Login_with_valid_usernameAndpassword" time="2.182"/>
  <testcase classname="com.Login" name="Login_with_valid_emailAndpassword" time="3.989"/>
  <testcase classname="com.Login" name="Login_with_Invalid_username" time="5.244"/>
  <testcase classname="com.Login" name="Login_with_Invalid_Gmail" time="5.234"/>
  <testcase classname="com.Login" name="Login_with_Invalid_Password" time="5.303"/>
</testsuite> <!-- com.Login -->
